<?xml version="1.0" encoding="UTF-8"?>
<testng-results ignored="0" total="2" passed="2" failed="0" skipped="0">
  <reporter-output>
  </reporter-output>
  <suite started-at="2023-09-22T18:57:13 ART" name="Default suite" finished-at="2023-09-22T18:57:36 ART" duration-ms="23017">
    <groups>
    </groups>
    <test started-at="2023-09-22T18:57:13 ART" name="Default test" finished-at="2023-09-22T18:57:36 ART" duration-ms="23017">
      <class name="pruebas.Laboratorio4_E2">
        <test-method is-config="true" signature="initialize()[pri:0, instance:pruebas.Laboratorio4_E2@4b741d6d]" started-at="2023-09-22T18:57:13 ART" name="initialize" finished-at="2023-09-22T18:57:26 ART" duration-ms="12503" status="PASS">
          <reporter-output>
          </reporter-output>
        </test-method> <!-- initialize -->
        <test-method signature="InsertarEmail()[pri:1, instance:pruebas.Laboratorio4_E2@4b741d6d]" started-at="2023-09-22T18:57:26 ART" name="InsertarEmail" finished-at="2023-09-22T18:57:26 ART" duration-ms="242" status="PASS">
          <reporter-output>
          </reporter-output>
        </test-method> <!-- InsertarEmail -->
        <test-method is-config="true" signature="TeardownTest()[pri:0, instance:pruebas.Laboratorio4_E2@4b741d6d]" started-at="2023-09-22T18:57:26 ART" name="TeardownTest" finished-at="2023-09-22T18:57:26 ART" duration-ms="144" status="PASS">
          <reporter-output>
          </reporter-output>
        </test-method> <!-- TeardownTest -->
        <test-method is-config="true" signature="initialize()[pri:0, instance:pruebas.Laboratorio4_E2@4b741d6d]" started-at="2023-09-22T18:57:26 ART" name="initialize" finished-at="2023-09-22T18:57:32 ART" duration-ms="5923" status="PASS">
          <reporter-output>
          </reporter-output>
        </test-method> <!-- initialize -->
        <test-method signature="CrearCuenta()[pri:2, instance:pruebas.Laboratorio4_E2@4b741d6d]" started-at="2023-09-22T18:57:32 ART" name="CrearCuenta" finished-at="2023-09-22T18:57:36 ART" duration-ms="4020" status="PASS">
          <reporter-output>
          </reporter-output>
        </test-method> <!-- CrearCuenta -->
        <test-method is-config="true" signature="TeardownTest()[pri:0, instance:pruebas.Laboratorio4_E2@4b741d6d]" started-at="2023-09-22T18:57:36 ART" name="TeardownTest" finished-at="2023-09-22T18:57:36 ART" duration-ms="137" status="PASS">
          <reporter-output>
          </reporter-output>
        </test-method> <!-- TeardownTest -->
      </class> <!-- pruebas.Laboratorio4_E2 -->
    </test> <!-- Default test -->
  </suite> <!-- Default suite -->
</testng-results>
